2024-12-27 16:58:45 info: Congratulations, your extension "Embold" is now active!
2024-12-27 16:58:45 info: tempDirectory : c:\Users\Sneha\.vscode\extensions\embold-vscode.embold-0.1.8\temp
2024-12-27 16:58:50 info: Extraction complete for source: c:\Users\Sneha\.vscode\extensions\embold-vscode.embold-0.1.8\resources\embold-scanner-archive.zip, destination: c:\Users\Sneha\.vscode\extensions\embold-vscode.embold-0.1.8\temp
2024-12-27 16:58:50 info: Extension installed on machine OS : win32
2024-12-27 16:58:50 info: Fetched the issues from DB
2024-12-27 16:58:51 info: Embold extension version response:{"hasSupport":false,"version":"0.1.6","changeNotes":"<div> <p>Release Date: 09 Oct, 2023 <br><span>Bug fixes and improvements.</span></p> </div>"}
2024-12-27 16:58:51 info: Current installed embold extension version : 0.1.8
2024-12-27 16:58:51 info: Latest embold extension version on marketplace : 0.1.6
2024-12-27 16:58:52 info: Java version installed on machine : 
openjdk version "21.0.2" 2024-01-16 LTS
OpenJDK Runtime Environment Temurin-21.0.2+13 (build 21.0.2+13-LTS)
OpenJDK 64-Bit Server VM Temurin-21.0.2+13 (build 21.0.2+13-LTS, mixed mode, sharing)

2024-12-27 16:58:52 info: Java installed on machine.
2024-12-27 17:00:46 info: Congratulations, your extension "Embold" is now active!
2024-12-27 17:00:46 info: tempDirectory : c:\Users\Sneha\.vscode\extensions\embold-vscode.embold-0.1.8\temp
2024-12-27 17:00:48 info: Extraction complete for source: c:\Users\Sneha\.vscode\extensions\embold-vscode.embold-0.1.8\resources\embold-scanner-archive.zip, destination: c:\Users\Sneha\.vscode\extensions\embold-vscode.embold-0.1.8\temp
2024-12-27 17:00:48 info: Extension installed on machine OS : win32
2024-12-27 17:00:49 info: Fetched the issues from DB
2024-12-27 17:00:50 info: Embold extension version response:{"hasSupport":false,"version":"0.1.6","changeNotes":"<div> <p>Release Date: 09 Oct, 2023 <br><span>Bug fixes and improvements.</span></p> </div>"}
2024-12-27 17:00:50 info: Current installed embold extension version : 0.1.8
2024-12-27 17:00:50 info: Latest embold extension version on marketplace : 0.1.6
2024-12-27 17:00:51 info: Java version installed on machine : 
openjdk version "21.0.2" 2024-01-16 LTS
OpenJDK Runtime Environment Temurin-21.0.2+13 (build 21.0.2+13-LTS)
OpenJDK 64-Bit Server VM Temurin-21.0.2+13 (build 21.0.2+13-LTS, mixed mode, sharing)

2024-12-27 17:00:51 info: Java installed on machine.
2024-12-27 17:03:25 info: Row(s) deleted
2024-12-27 17:08:07 info: Row(s) deleted
2024-12-27 17:08:07 info: Row(s) deleted
2024-12-27 17:43:52 info: Row(s) deleted
2024-12-27 17:43:52 info: Row(s) deleted
2024-12-27 17:43:52 info: Row(s) deleted
2024-12-27 17:43:52 info: Row(s) deleted
2024-12-27 17:45:17 info: Row(s) deleted
2024-12-27 17:45:17 info: Row(s) deleted
2024-12-27 17:45:17 info: Row(s) deleted
2024-12-27 17:45:17 info: Row(s) deleted
2024-12-27 17:48:51 info: Row(s) deleted
2024-12-27 17:48:51 info: Row(s) deleted
2024-12-27 17:48:51 info: Row(s) deleted
2024-12-27 17:48:53 info: Row(s) deleted
2024-12-27 17:51:14 info: Row(s) deleted
2024-12-27 17:51:14 info: Row(s) deleted
2024-12-27 17:51:14 info: Row(s) deleted
2024-12-27 17:54:01 info: Row(s) deleted
2024-12-27 17:54:01 info: Row(s) deleted
2024-12-27 17:55:41 info: Row(s) deleted
2024-12-27 17:55:41 info: Row(s) deleted
2024-12-27 17:59:08 info: Row(s) deleted
2024-12-27 17:59:08 info: Row(s) deleted
2024-12-27 17:59:08 info: Row(s) deleted
2024-12-27 18:00:48 info: Row(s) deleted
2024-12-27 18:10:51 info: Row(s) deleted
